<?xml version="1.0" encoding="UTF-8"?>
<!-- Generated by org.testng.reporters.JUnitReportReporter -->
<testsuite hostname="BLRSFLT195" failures="0" tests="4" name="org.beter.MultipleLogin" time="166.876" errors="0" timestamp="04 Nov 2022 11:06:20 GMT" skipped="0">
  <testcase classname="org.beter.MultipleLogin" name="credentials" time="37.101"/>
  <testcase classname="org.beter.MultipleLogin" name="credentials" time="37.912"/>
  <testcase classname="org.beter.MultipleLogin" name="credentials" time="38.857"/>
  <testcase classname="org.beter.MultipleLogin" name="credentials" time="53.006"/>
</testsuite> <!-- org.beter.MultipleLogin -->
