<?xml version="1.0" encoding="UTF-8"?>
<!-- Generated by org.testng.reporters.JUnitReportReporter -->
<testsuite hostname="BLRSFLT195" failures="0" tests="4" name="org.beter.ProductPurchase" time="99.109" errors="0" timestamp="02 Dec 2022 13:17:30 GMT" skipped="2">
  <testcase classname="org.beter.ProductPurchase" name="Login" time="0.007"/>
  <testcase classname="org.beter.ProductPurchase" name="targetForCategory" time="99.102"/>
  <testcase classname="org.beter.ProductPurchase" name="checkout">
    <skipped/>
  </testcase> <!-- checkout -->
  <testcase classname="org.beter.ProductPurchase" name="goToCart">
    <skipped/>
  </testcase> <!-- goToCart -->
</testsuite> <!-- org.beter.ProductPurchase -->
