<?xml version="1.0" encoding="UTF-8"?>
<!-- Generated by org.testng.reporters.JUnitReportReporter -->
<testsuite hostname="BLRSFLT195" failures="0" tests="8" name="org.beter.UserPersonalFunctionalities" time="31.600" errors="0" timestamp="09 Nov 2022 05:25:09 GMT" skipped="5">
  <testcase classname="org.beter.UserPersonalFunctionalities" name="Login" time="13.951"/>
  <testcase classname="org.beter.UserPersonalFunctionalities" name="myAccount" time="5.104"/>
  <testcase classname="org.beter.UserPersonalFunctionalities" name="accountInformation" time="12.545"/>
  <testcase classname="org.beter.UserPersonalFunctionalities" name="compareProducts">
    <skipped/>
  </testcase> <!-- compareProducts -->
  <testcase classname="org.beter.UserPersonalFunctionalities" name="wishList">
    <skipped/>
  </testcase> <!-- wishList -->
  <testcase classname="org.beter.UserPersonalFunctionalities" name="myOrder">
    <skipped/>
  </testcase> <!-- myOrder -->
  <testcase classname="org.beter.UserPersonalFunctionalities" name="myAddress">
    <skipped/>
  </testcase> <!-- myAddress -->
  <testcase classname="org.beter.UserPersonalFunctionalities" name="storeCredit">
    <skipped/>
  </testcase> <!-- storeCredit -->
</testsuite> <!-- org.beter.UserPersonalFunctionalities -->
