<?xml version="1.0" encoding="UTF-8"?>
<!-- Generated by org.testng.reporters.JUnitReportReporter -->
<testsuite hostname="BLRSFLT195" failures="0" tests="4" name="org.beter.Login" time="4.376" errors="0" timestamp="03 Nov 2022 09:11:12 GMT" skipped="2">
  <testcase classname="org.beter.Login" name="login1" time="3.498"/>
  <testcase classname="org.beter.Login" name="withoutEmpty" time="0.878"/>
  <testcase classname="org.beter.Login" name="withoutRule">
    <skipped/>
  </testcase> <!-- withoutRule -->
  <testcase classname="org.beter.Login" name="credentials">
    <skipped/>
  </testcase> <!-- credentials -->
</testsuite> <!-- org.beter.Login -->
